2021-08-31 15:53:53.561  INFO 14520 --- [restartedMain] com.chen.data.redis.Application          : Starting Application using Java 11.0.6 on LAPTOP-I4H9M2MC with PID 14520 (D:\SDK\git_repo\swimming\swimming-data\swimming-data-redis\target\classes started by jim in D:\SDK\git_repo\swimming\swimming-data\swimming-data-redis)
2021-08-31 15:53:53.561  INFO 14520 --- [restartedMain] com.chen.data.redis.Application          : No active profile set, falling back to default profiles: default
2021-08-31 15:53:53.848  INFO 14520 --- [restartedMain] .s.d.r.c.RepositoryConfigurationDelegate : Multiple Spring Data modules found, entering strict repository configuration mode!
2021-08-31 15:53:53.848  INFO 14520 --- [restartedMain] .s.d.r.c.RepositoryConfigurationDelegate : Bootstrapping Spring Data Redis repositories in DEFAULT mode.
2021-08-31 15:53:53.852  INFO 14520 --- [restartedMain] .s.d.r.c.RepositoryConfigurationDelegate : Finished Spring Data repository scanning in 1 ms. Found 0 Redis repository interfaces.
2021-08-31 15:53:54.002  INFO 14520 --- [restartedMain] o.s.b.w.embedded.tomcat.TomcatWebServer  : Tomcat initialized with port(s): 8083 (http)
2021-08-31 15:53:54.003  INFO 14520 --- [restartedMain] o.apache.catalina.core.StandardService   : Starting service [Tomcat]
2021-08-31 15:53:54.004  INFO 14520 --- [restartedMain] org.apache.catalina.core.StandardEngine  : Starting Servlet engine: [Apache Tomcat/9.0.48]
2021-08-31 15:53:54.198  INFO 14520 --- [restartedMain] o.a.c.c.C.[Tomcat].[localhost].[/]       : Initializing Spring embedded WebApplicationContext
2021-08-31 15:53:54.199  INFO 14520 --- [restartedMain] w.s.c.ServletWebServerApplicationContext : Root WebApplicationContext: initialization completed in 631 ms
2021-08-31 15:53:54.578  INFO 14520 --- [restartedMain] o.s.b.d.a.OptionalLiveReloadServer       : LiveReload server is running on port 35729
2021-08-31 15:53:54.590  INFO 14520 --- [restartedMain] o.s.b.w.embedded.tomcat.TomcatWebServer  : Tomcat started on port(s): 8083 (http) with context path ''
2021-08-31 15:53:54.593  INFO 14520 --- [restartedMain] com.chen.data.redis.Application          : Started Application in 1.076 seconds (JVM running for 137.739)
2021-08-31 15:53:54.595  INFO 14520 --- [restartedMain] .ConditionEvaluationDeltaLoggingListener : Condition evaluation unchanged
2021-08-31 15:54:01.202  INFO 27752 --- [restartedMain] com.chen.data.redis.Application          : Starting Application using Java 11.0.6 on LAPTOP-I4H9M2MC with PID 27752 (D:\SDK\git_repo\swimming\swimming-data\swimming-data-redis\target\classes started by jim in D:\SDK\git_repo\swimming\swimming-data\swimming-data-redis)
2021-08-31 15:54:01.205  INFO 27752 --- [restartedMain] com.chen.data.redis.Application          : No active profile set, falling back to default profiles: default
2021-08-31 15:54:01.281  INFO 27752 --- [restartedMain] .e.DevToolsPropertyDefaultsPostProcessor : Devtools property defaults active! Set 'spring.devtools.add-properties' to 'false' to disable
2021-08-31 15:54:01.281  INFO 27752 --- [restartedMain] .e.DevToolsPropertyDefaultsPostProcessor : For additional web related logging consider setting the 'logging.level.web' property to 'DEBUG'
2021-08-31 15:54:02.001  INFO 27752 --- [restartedMain] .s.d.r.c.RepositoryConfigurationDelegate : Multiple Spring Data modules found, entering strict repository configuration mode!
2021-08-31 15:54:02.004  INFO 27752 --- [restartedMain] .s.d.r.c.RepositoryConfigurationDelegate : Bootstrapping Spring Data Redis repositories in DEFAULT mode.
2021-08-31 15:54:02.034  INFO 27752 --- [restartedMain] .s.d.r.c.RepositoryConfigurationDelegate : Finished Spring Data repository scanning in 10 ms. Found 0 Redis repository interfaces.
2021-08-31 15:54:03.344  INFO 27752 --- [restartedMain] o.s.b.w.embedded.tomcat.TomcatWebServer  : Tomcat initialized with port(s): 8083 (http)
2021-08-31 15:54:03.358  INFO 27752 --- [restartedMain] o.apache.catalina.core.StandardService   : Starting service [Tomcat]
2021-08-31 15:54:03.358  INFO 27752 --- [restartedMain] org.apache.catalina.core.StandardEngine  : Starting Servlet engine: [Apache Tomcat/9.0.48]
2021-08-31 15:54:03.513  INFO 27752 --- [restartedMain] o.a.c.c.C.[Tomcat].[localhost].[/]       : Initializing Spring embedded WebApplicationContext
2021-08-31 15:54:03.514  INFO 27752 --- [restartedMain] w.s.c.ServletWebServerApplicationContext : Root WebApplicationContext: initialization completed in 2232 ms
2021-08-31 15:54:04.824  INFO 27752 --- [restartedMain] o.s.b.d.a.OptionalLiveReloadServer       : LiveReload server is running on port 35729
2021-08-31 15:54:04.866  INFO 27752 --- [restartedMain] o.s.b.w.embedded.tomcat.TomcatWebServer  : Tomcat started on port(s): 8083 (http) with context path ''
2021-08-31 15:54:04.884  INFO 27752 --- [restartedMain] com.chen.data.redis.Application          : Started Application in 4.206 seconds (JVM running for 4.754)
2021-08-31 15:54:05.513  INFO 27752 --- [http-nio-8083-exec-1] o.a.c.c.C.[Tomcat].[localhost].[/]       : Initializing Spring DispatcherServlet 'dispatcherServlet'
2021-08-31 15:54:05.515  INFO 27752 --- [http-nio-8083-exec-1] o.s.web.servlet.DispatcherServlet        : Initializing Servlet 'dispatcherServlet'
2021-08-31 15:54:05.515  INFO 27752 --- [http-nio-8083-exec-1] o.s.web.servlet.DispatcherServlet        : Completed initialization in 0 ms
2021-08-31 15:54:08.033  INFO 27752 --- [http-nio-8083-exec-1] c.c.d.r.controller.RedisTestController   : keysize::65217
2021-08-31 15:54:08.050  INFO 27752 --- [http-nio-8083-exec-1] c.c.d.r.controller.RedisTestController   : xyjd,dev_952a5240-c698-4b65-94bc-4c1faa87df77,E285,alarm==》没有警告
2021-08-31 15:54:08.051  INFO 27752 --- [http-nio-8083-exec-1] c.c.d.r.controller.RedisTestController   : xyjd,dev_7b600f35-b408-4033-9fd8-9794d756f602,E293,alarm==》没有警告
2021-08-31 15:54:08.051  INFO 27752 --- [http-nio-8083-exec-1] c.c.d.r.controller.RedisTestController   : chdl,dev_1197f253-53ca-484f-bffb-405d9ce9d6ca,fault_code,alarm==》没有警告
2021-08-31 15:54:08.051  INFO 27752 --- [http-nio-8083-exec-1] c.c.d.r.controller.RedisTestController   : xyjd,dev_7b600f35-b408-4033-9fd8-9794d756f602,E255,alarm==》没有警告
2021-08-31 15:54:08.051  INFO 27752 --- [http-nio-8083-exec-1] c.c.d.r.controller.RedisTestController   : xyjd,dev_72853349-77be-4555-b7eb-8cd9bba1da32,E085,alarm==》没有警告
2021-08-31 15:54:08.052  INFO 27752 --- [http-nio-8083-exec-1] c.c.d.r.controller.RedisTestController   : xyjd,dev_7b600f35-b408-4033-9fd8-9794d756f602,E317,alarm==》没有警告
2021-08-31 15:54:08.052  INFO 27752 --- [http-nio-8083-exec-1] c.c.d.r.controller.RedisTestController   : xyjd,dev_652d94e7-a6e7-46c2-84c8-2060ee0e32ef,E086,alarm==》没有警告
2021-08-31 15:54:08.053  INFO 27752 --- [http-nio-8083-exec-1] c.c.d.r.controller.RedisTestController   : xyjd,dev_3872583f-2646-44a3-8d2a-0598ec068ce2,E330,alarm==》没有警告
2021-08-31 15:54:08.053  INFO 27752 --- [http-nio-8083-exec-1] c.c.d.r.controller.RedisTestController   : chdl,dev_c33d2020-eb6b-4023-aa98-8421239037ae,fault_code,alarm==》没有警告
2021-08-31 15:54:08.053  INFO 27752 --- [http-nio-8083-exec-1] c.c.d.r.controller.RedisTestController   : chdl,dev_1197f253-53ca-484f-bffb-405d9ce9d6ca,input_temp,alarm==》没有警告
2021-08-31 15:54:08.053  INFO 27752 --- [http-nio-8083-exec-1] c.c.d.r.controller.RedisTestController   : xyjd,dev_72853349-77be-4555-b7eb-8cd9bba1da32,E086,alarm==》没有警告
2021-08-31 15:54:08.053  INFO 27752 --- [http-nio-8083-exec-1] c.c.d.r.controller.RedisTestController   : xyjd,dev_72853349-77be-4555-b7eb-8cd9bba1da32,E284,alarm==》没有警告
2021-08-31 15:54:08.054  INFO 27752 --- [http-nio-8083-exec-1] c.c.d.r.controller.RedisTestController   : chdl,dev_c163b920-8ad2-439c-9fab-137b4865d8f1,input_flow,alarm==》没有警告
2021-08-31 15:54:08.054  INFO 27752 --- [http-nio-8083-exec-1] c.c.d.r.controller.RedisTestController   : xyjd,dev_98c348dc-b03d-46c6-8d49-cddfe893feb7,E285,alarm==》没有警告
2021-08-31 15:54:08.055  INFO 27752 --- [http-nio-8083-exec-1] c.c.d.r.controller.RedisTestController   : xyjd,dev_7b600f35-b408-4033-9fd8-9794d756f602,E307,alarm==》没有警告
2021-08-31 15:54:08.055  INFO 27752 --- [http-nio-8083-exec-1] c.c.d.r.controller.RedisTestController   : xyjd,dev_7b600f35-b408-4033-9fd8-9794d756f602,E284,alarm==》没有警告
2021-08-31 15:54:08.055  INFO 27752 --- [http-nio-8083-exec-1] c.c.d.r.controller.RedisTestController   : xyjd,dev_3872583f-2646-44a3-8d2a-0598ec068ce2,E317,alarm==》没有警告
2021-08-31 15:54:08.055  INFO 27752 --- [http-nio-8083-exec-1] c.c.d.r.controller.RedisTestController   : xyjd,dev_3872583f-2646-44a3-8d2a-0598ec068ce2,E076,alarm==》没有警告
2021-08-31 15:54:08.056  INFO 27752 --- [http-nio-8083-exec-1] c.c.d.r.controller.RedisTestController   : chdl,dev_c163b920-8ad2-439c-9fab-137b4865d8f1,fault_code,alarm==》没有警告
2021-08-31 15:54:08.056  INFO 27752 --- [http-nio-8083-exec-1] c.c.d.r.controller.RedisTestController   : xyjd,dev_5eadc268-5eab-4f16-97d6-4b83c91dea89,E285,alarm==》没有警告
2021-08-31 15:54:08.057  INFO 27752 --- [http-nio-8083-exec-1] c.c.d.r.controller.RedisTestController   : chdl,dev_1197f253-53ca-484f-bffb-405d9ce9d6ca,filter_pressure,alarm==》没有警告
2021-08-31 15:54:08.057  INFO 27752 --- [http-nio-8083-exec-1] c.c.d.r.controller.RedisTestController   : xyjd,dev_28d2cbf9-697e-4f73-af48-0738d81494ca,E285,alarm==》没有警告
2021-08-31 15:54:08.057  INFO 27752 --- [http-nio-8083-exec-1] c.c.d.r.controller.RedisTestController   : xyjd,dev_3872583f-2646-44a3-8d2a-0598ec068ce2,E284,alarm==》没有警告
2021-08-31 15:54:08.057  INFO 27752 --- [http-nio-8083-exec-1] c.c.d.r.controller.RedisTestController   : chdl,dev_c33d2020-eb6b-4023-aa98-8421239037ae,input_temp,alarm==》没有警告
2021-08-31 15:54:08.057  INFO 27752 --- [http-nio-8083-exec-1] c.c.d.r.controller.RedisTestController   : chdl,dev_c163b920-8ad2-439c-9fab-137b4865d8f1,status_mod,alarm==》没有警告
2021-08-31 15:54:08.057  INFO 27752 --- [http-nio-8083-exec-1] c.c.d.r.controller.RedisTestController   : xyjd,dev_3872583f-2646-44a3-8d2a-0598ec068ce2,E293,alarm==》没有警告
2021-08-31 15:54:08.058  INFO 27752 --- [http-nio-8083-exec-1] c.c.d.r.controller.RedisTestController   : chdl,dev_c33d2020-eb6b-4023-aa98-8421239037ae,filter_pressure,alarm==》没有警告
2021-08-31 15:54:08.058  INFO 27752 --- [http-nio-8083-exec-1] c.c.d.r.controller.RedisTestController   : chdl,dev_1197f253-53ca-484f-bffb-405d9ce9d6ca,status_mod,alarm==》没有警告
2021-08-31 15:54:08.058  INFO 27752 --- [http-nio-8083-exec-1] c.c.d.r.controller.RedisTestController   : xyjd,dev_652d94e7-a6e7-46c2-84c8-2060ee0e32ef,E084,alarm==》没有警告
2021-08-31 15:54:08.059  INFO 27752 --- [http-nio-8083-exec-1] c.c.d.r.controller.RedisTestController   : xyjd,dev_72853349-77be-4555-b7eb-8cd9bba1da32,E091,alarm==》没有警告
2021-08-31 15:54:08.060  INFO 27752 --- [http-nio-8083-exec-1] c.c.d.r.controller.RedisTestController   : xyjd,dev_3872583f-2646-44a3-8d2a-0598ec068ce2,E285,alarm==》没有警告
2021-08-31 15:54:08.060  INFO 27752 --- [http-nio-8083-exec-1] c.c.d.r.controller.RedisTestController   : xyjd,dev_72853349-77be-4555-b7eb-8cd9bba1da32,E317,alarm==》没有警告
2021-08-31 15:54:08.060  INFO 27752 --- [http-nio-8083-exec-1] c.c.d.r.controller.RedisTestController   : xyjd,dev_7b600f35-b408-4033-9fd8-9794d756f602,E285,alarm==》没有警告
2021-08-31 15:54:08.060  INFO 27752 --- [http-nio-8083-exec-1] c.c.d.r.controller.RedisTestController   : xyjd,dev_72853349-77be-4555-b7eb-8cd9bba1da32,E087,alarm==》没有警告
2021-08-31 15:54:08.061  INFO 27752 --- [http-nio-8083-exec-1] c.c.d.r.controller.RedisTestController   : xyjd,dev_652d94e7-a6e7-46c2-84c8-2060ee0e32ef,E285,alarm==》没有警告
2021-08-31 15:54:08.061  INFO 27752 --- [http-nio-8083-exec-1] c.c.d.r.controller.RedisTestController   : xyjd,dev_e1afa9e9-42a7-4fd7-89e9-d8863b8df122,E285,alarm==》没有警告
2021-08-31 15:54:08.061  INFO 27752 --- [http-nio-8083-exec-1] c.c.d.r.controller.RedisTestController   : xyjd,dev_652d94e7-a6e7-46c2-84c8-2060ee0e32ef,E087,alarm==》没有警告
2021-08-31 15:54:08.062  INFO 27752 --- [http-nio-8083-exec-1] c.c.d.r.controller.RedisTestController   : xyjd,dev_21dea28e-dc7d-44ac-b7f2-aa2b6cfbed79,E285,alarm==》没有警告
2021-08-31 15:54:08.062  INFO 27752 --- [http-nio-8083-exec-1] c.c.d.r.controller.RedisTestController   : xyjd,dev_72853349-77be-4555-b7eb-8cd9bba1da32,E285,alarm==》没有警告
2021-08-31 15:54:08.063  INFO 27752 --- [http-nio-8083-exec-1] c.c.d.r.controller.RedisTestController   : xyjd,dev_3872583f-2646-44a3-8d2a-0598ec068ce2,E082,alarm==》没有警告
2021-08-31 15:54:08.063  INFO 27752 --- [http-nio-8083-exec-1] c.c.d.r.controller.RedisTestController   : xyjd,dev_7b600f35-b408-4033-9fd8-9794d756f602,E289,alarm==》没有警告
2021-08-31 15:54:08.063  INFO 27752 --- [http-nio-8083-exec-1] c.c.d.r.controller.RedisTestController   : chdl,dev_c163b920-8ad2-439c-9fab-137b4865d8f1,input_temp,alarm==》没有警告
2021-08-31 15:54:08.063  INFO 27752 --- [http-nio-8083-exec-1] c.c.d.r.controller.RedisTestController   : xyjd,dev_298ea377-76da-48b9-b3b2-8656d8089e8c,virtual_energy_day,alarm==》没有警告
2021-08-31 15:54:08.064  INFO 27752 --- [http-nio-8083-exec-1] c.c.d.r.controller.RedisTestController   : xyjd,dev_7b600f35-b408-4033-9fd8-9794d756f602,E086,alarm==》没有警告
2021-08-31 15:54:08.064  INFO 27752 --- [http-nio-8083-exec-1] c.c.d.r.controller.RedisTestController   : xyjd,dev_1085b9d4-052d-4123-b874-4a35ac66530e,E285,alarm==》没有警告
2021-08-31 15:54:08.065  INFO 27752 --- [http-nio-8083-exec-1] c.c.d.r.controller.RedisTestController   : xyjd,dev_7e89691d-94dd-443a-9756-e3532ea137e9,E285,alarm==》没有警告
2021-08-31 15:54:08.065  INFO 27752 --- [http-nio-8083-exec-1] c.c.d.r.controller.RedisTestController   : xyjd,dev_7d960316-dc18-4712-ab44-9a5581959998,E285,alarm==》没有警告
2021-08-31 15:54:08.065  INFO 27752 --- [http-nio-8083-exec-1] c.c.d.r.controller.RedisTestController   : xyjd,dev_4b33124d-0981-47aa-9b79-90712ca54904,E285,alarm==》没有警告
2021-08-31 15:54:08.065  INFO 27752 --- [http-nio-8083-exec-1] c.c.d.r.controller.RedisTestController   : xyjd,dev_72853349-77be-4555-b7eb-8cd9bba1da32,E255,alarm==》没有警告
2021-08-31 15:54:08.066  INFO 27752 --- [http-nio-8083-exec-1] c.c.d.r.controller.RedisTestController   : xyjd,dev_8241e3e0-be85-4bda-a1a6-ac0f7482b305,E285,alarm==》没有警告
2021-08-31 15:54:08.066  INFO 27752 --- [http-nio-8083-exec-1] c.c.d.r.controller.RedisTestController   : xyjd,dev_7b600f35-b408-4033-9fd8-9794d756f602,E290,alarm==》没有警告
2021-08-31 15:54:08.066  INFO 27752 --- [http-nio-8083-exec-1] c.c.d.r.controller.RedisTestController   : chdl,dev_c163b920-8ad2-439c-9fab-137b4865d8f1,filter_pressure,alarm==》没有警告
2021-08-31 15:54:08.066  INFO 27752 --- [http-nio-8083-exec-1] c.c.d.r.controller.RedisTestController   : xyjd,dev_04bb2f2b-f51e-4ebd-b27e-c80b8d4b9c32,E285,alarm==》没有警告
2021-08-31 15:54:08.068  INFO 27752 --- [http-nio-8083-exec-1] c.c.d.r.controller.RedisTestController   : chdl,dev_c33d2020-eb6b-4023-aa98-8421239037ae,status_mod,alarm==》没有警告
2021-08-31 15:54:08.068  INFO 27752 --- [http-nio-8083-exec-1] c.c.d.r.controller.RedisTestController   : xyjd,dev_3872583f-2646-44a3-8d2a-0598ec068ce2,E221,alarm==》没有警告
2021-08-31 15:54:08.154  INFO 27752 --- [http-nio-8083-exec-1] c.c.d.r.controller.RedisTestController   : lostKey::["xyjd,dev_952a5240-c698-4b65-94bc-4c1faa87df77,E285,alarm","xyjd,dev_7b600f35-b408-4033-9fd8-9794d756f602,E293,alarm","chdl,dev_1197f253-53ca-484f-bffb-405d9ce9d6ca,fault_code,alarm","xyjd,dev_7b600f35-b408-4033-9fd8-9794d756f602,E255,alarm","xyjd,dev_72853349-77be-4555-b7eb-8cd9bba1da32,E085,alarm","xyjd,dev_7b600f35-b408-4033-9fd8-9794d756f602,E317,alarm","xyjd,dev_652d94e7-a6e7-46c2-84c8-2060ee0e32ef,E086,alarm","xyjd,dev_3872583f-2646-44a3-8d2a-0598ec068ce2,E330,alarm","chdl,dev_c33d2020-eb6b-4023-aa98-8421239037ae,fault_code,alarm","chdl,dev_1197f253-53ca-484f-bffb-405d9ce9d6ca,input_temp,alarm","xyjd,dev_72853349-77be-4555-b7eb-8cd9bba1da32,E086,alarm","xyjd,dev_72853349-77be-4555-b7eb-8cd9bba1da32,E284,alarm","chdl,dev_c163b920-8ad2-439c-9fab-137b4865d8f1,input_flow,alarm","xyjd,dev_98c348dc-b03d-46c6-8d49-cddfe893feb7,E285,alarm","xyjd,dev_7b600f35-b408-4033-9fd8-9794d756f602,E307,alarm","xyjd,dev_7b600f35-b408-4033-9fd8-9794d756f602,E284,alarm","xyjd,dev_3872583f-2646-44a3-8d2a-0598ec068ce2,E317,alarm","xyjd,dev_3872583f-2646-44a3-8d2a-0598ec068ce2,E076,alarm","chdl,dev_c163b920-8ad2-439c-9fab-137b4865d8f1,fault_code,alarm","xyjd,dev_5eadc268-5eab-4f16-97d6-4b83c91dea89,E285,alarm","chdl,dev_1197f253-53ca-484f-bffb-405d9ce9d6ca,filter_pressure,alarm","xyjd,dev_28d2cbf9-697e-4f73-af48-0738d81494ca,E285,alarm","xyjd,dev_3872583f-2646-44a3-8d2a-0598ec068ce2,E284,alarm","chdl,dev_c33d2020-eb6b-4023-aa98-8421239037ae,input_temp,alarm","chdl,dev_c163b920-8ad2-439c-9fab-137b4865d8f1,status_mod,alarm","xyjd,dev_3872583f-2646-44a3-8d2a-0598ec068ce2,E293,alarm","chdl,dev_c33d2020-eb6b-4023-aa98-8421239037ae,filter_pressure,alarm","chdl,dev_1197f253-53ca-484f-bffb-405d9ce9d6ca,status_mod,alarm","xyjd,dev_652d94e7-a6e7-46c2-84c8-2060ee0e32ef,E084,alarm","xyjd,dev_72853349-77be-4555-b7eb-8cd9bba1da32,E091,alarm","xyjd,dev_3872583f-2646-44a3-8d2a-0598ec068ce2,E285,alarm","xyjd,dev_72853349-77be-4555-b7eb-8cd9bba1da32,E317,alarm","xyjd,dev_7b600f35-b408-4033-9fd8-9794d756f602,E285,alarm","xyjd,dev_72853349-77be-4555-b7eb-8cd9bba1da32,E087,alarm","xyjd,dev_652d94e7-a6e7-46c2-84c8-2060ee0e32ef,E285,alarm","xyjd,dev_e1afa9e9-42a7-4fd7-89e9-d8863b8df122,E285,alarm","xyjd,dev_652d94e7-a6e7-46c2-84c8-2060ee0e32ef,E087,alarm","xyjd,dev_21dea28e-dc7d-44ac-b7f2-aa2b6cfbed79,E285,alarm","xyjd,dev_72853349-77be-4555-b7eb-8cd9bba1da32,E285,alarm","xyjd,dev_3872583f-2646-44a3-8d2a-0598ec068ce2,E082,alarm","xyjd,dev_7b600f35-b408-4033-9fd8-9794d756f602,E289,alarm","chdl,dev_c163b920-8ad2-439c-9fab-137b4865d8f1,input_temp,alarm","xyjd,dev_298ea377-76da-48b9-b3b2-8656d8089e8c,virtual_energy_day,alarm","xyjd,dev_7b600f35-b408-4033-9fd8-9794d756f602,E086,alarm","xyjd,dev_1085b9d4-052d-4123-b874-4a35ac66530e,E285,alarm","xyjd,dev_7e89691d-94dd-443a-9756-e3532ea137e9,E285,alarm","xyjd,dev_7d960316-dc18-4712-ab44-9a5581959998,E285,alarm","xyjd,dev_4b33124d-0981-47aa-9b79-90712ca54904,E285,alarm","xyjd,dev_72853349-77be-4555-b7eb-8cd9bba1da32,E255,alarm","xyjd,dev_8241e3e0-be85-4bda-a1a6-ac0f7482b305,E285,alarm","xyjd,dev_7b600f35-b408-4033-9fd8-9794d756f602,E290,alarm","chdl,dev_c163b920-8ad2-439c-9fab-137b4865d8f1,filter_pressure,alarm","xyjd,dev_04bb2f2b-f51e-4ebd-b27e-c80b8d4b9c32,E285,alarm","chdl,dev_c33d2020-eb6b-4023-aa98-8421239037ae,status_mod,alarm","xyjd,dev_3872583f-2646-44a3-8d2a-0598ec068ce2,E221,alarm"]
